<?xml version="1.0" encoding="UTF-8"?>
<!-- Generated by org.testng.reporters.JUnitXMLReporter -->
<testsuite hostname="DESKTOP-3S3P68U" ignored="0" name="Test" tests="2" failures="1" timestamp="2022-10-22T20:03:23 IST" time="10.085" errors="0">
  <testcase name="createBookingTest" time="8.695" classname="RestfulBooker.CreateBookingBrokerTest"/>
  <testcase name="updateBookingTest" time="1.268" classname="RestfulBooker.CreateBookingBrokerTest">
    <failure type="io.restassured.path.json.exception.JsonPathException" message="Failed to parse the JSON document">
      <![CDATA[io.restassured.path.json.exception.JsonPathException: Failed to parse the JSON document
at io.restassured.path.json.JsonPath$ExceptionCatcher.invoke(JsonPath.java:1002)
at io.restassured.path.json.JsonPath$4.doParseWith(JsonPath.java:967)
at io.restassured.path.json.JsonPath$JsonParser.parseWith(JsonPath.java:1047)
at io.restassured.path.json.JsonPath.get(JsonPath.java:202)
at io.restassured.path.json.JsonPath.getString(JsonPath.java:352)
at RestfulBooker.CreateBookingBrokerTest.updateBookingTest(CreateBookingBrokerTest.java:115)
at java.util.ArrayList.forEach(ArrayList.java:1257)
Caused by: groovy.json.JsonException: Lexing failed on line: 1, column: 1, while reading 'F', no possible valid JSON value or punctuation could be recognized.
at groovy.json.JsonLexer.nextToken(JsonLexer.java:86)
at groovy.json.JsonLexer$nextToken.call(Unknown Source)
at io.restassured.internal.path.json.ConfigurableJsonSlurper.parse(ConfigurableJsonSlurper.groovy:97)
at io.restassured.internal.path.json.ConfigurableJsonSlurper$parse.callCurrent(Unknown Source)
at io.restassured.internal.path.json.ConfigurableJsonSlurper.parseText(ConfigurableJsonSlurper.groovy:83)
at io.restassured.path.json.JsonPath$4$1.method(JsonPath.java:965)
at io.restassured.path.json.JsonPath$ExceptionCatcher.invoke(JsonPath.java:1000)
... 33 more
... Removed 27 stack frames]]>
    </failure>
  </testcase> <!-- updateBookingTest -->
</testsuite> <!-- Test -->
