<?xml version="1.0" encoding="UTF-8"?>
<testng-results skipped="0" failed="0" ignored="0" total="2" passed="2">
  <reporter-output>
  </reporter-output>
  <suite name="Default suite" duration-ms="1158" started-at="2022-10-27T18:50:37 IST" finished-at="2022-10-27T18:50:38 IST">
    <groups>
    </groups>
    <test name="Default test" duration-ms="1158" started-at="2022-10-27T18:50:37 IST" finished-at="2022-10-27T18:50:38 IST">
      <class name="com.krogerqa.service.scenarios.seedTest">
        <test-method status="PASS" signature="seedTest(java.util.Map)[pri:0, instance:com.krogerqa.service.scenarios.seedTest@6321e813]" name="seedTest" duration-ms="26" started-at="2022-10-27T18:50:38 IST" data-provider="seedData" finished-at="2022-10-27T18:50:38 IST">
          <params>
            <param index="0">
              <value>
                <![CDATA[{TestCaseName=TC_01, ServiceName=CRUD, executionFlag=Y, Request=crudRequest.json, Expected_Response=crudResponse.json}]]>
              </value>
            </param>
          </params>
          <reporter-output>
          </reporter-output>
        </test-method> <!-- seedTest -->
        <test-method status="PASS" signature="seedTest(java.util.Map)[pri:0, instance:com.krogerqa.service.scenarios.seedTest@6321e813]" name="seedTest" duration-ms="0" started-at="2022-10-27T18:50:38 IST" data-provider="seedData" finished-at="2022-10-27T18:50:38 IST">
          <params>
            <param index="0">
              <value>
                <![CDATA[{TestCaseName=TC_03, ServiceName=Carrier, executionFlag=Y, Request=CarrierRequest.json, Expected_Response=carrierResponse.json}]]>
              </value>
            </param>
          </params>
          <reporter-output>
          </reporter-output>
        </test-method> <!-- seedTest -->
      </class> <!-- com.krogerqa.service.scenarios.seedTest -->
    </test> <!-- Default test -->
  </suite> <!-- Default suite -->
</testng-results>
