<?xml version="1.0" encoding="UTF-8"?>
<testng-results skipped="0" failed="0" ignored="0" total="1" passed="1">
  <reporter-output>
  </reporter-output>
  <suite name="Default suite" duration-ms="9047" started-at="2022-11-01T08:47:10 IST" finished-at="2022-11-01T08:47:19 IST">
    <groups>
    </groups>
    <test name="Default test" duration-ms="9047" started-at="2022-11-01T08:47:10 IST" finished-at="2022-11-01T08:47:19 IST">
      <class name="RestfulBooker.GetToken">
        <test-method status="PASS" signature="getAccessToken()[pri:0, instance:RestfulBooker.GetToken@3224f60b]" name="getAccessToken" duration-ms="8918" started-at="2022-11-01T08:47:10 IST" finished-at="2022-11-01T08:47:19 IST">
          <reporter-output>
          </reporter-output>
        </test-method> <!-- getAccessToken -->
      </class> <!-- RestfulBooker.GetToken -->
    </test> <!-- Default test -->
  </suite> <!-- Default suite -->
</testng-results>
